<?xml version="1.0" encoding="UTF-8"?>
<!-- Generated by org.testng.reporters.JUnitXMLReporter -->
<testsuite hostname="nycpusagolube.local" name="Default test" tests="1" failures="1" timestamp="6 May 2014 20:10:58 GMT" time="0.157" errors="0">
  <testcase name="testTriHonda" time="0.143" classname="com.trihonda.test.RequestQuote">
    <failure type="java.lang.NullPointerException">
      <![CDATA[java.lang.NullPointerException
	at com.trihonda.test.RequestQuote.testTriHonda(RequestQuote.java:46)
	at sun.reflect.NativeMethodAccessorImpl.invoke0(Native Method)
	at java.lang.reflect.Method.invoke(Method.java:606)
]]>
    </failure>
  </testcase> <!-- testTriHonda -->
</testsuite> <!-- Default test -->
